2023-04-08T16:15:46.002+07:00  INFO 7328 --- [restartedMain] c.e.c.ChallengeChapter4Application       : Starting ChallengeChapter4Application using Java 17.0.2 with PID 7328 (E:\Intellij Project\Challenge_Chapter_4\target\classes started by EnVyx in E:\Intellij Project\Challenge_Chapter_4)
2023-04-08T16:15:46.020+07:00  INFO 7328 --- [restartedMain] c.e.c.ChallengeChapter4Application       : No active profile set, falling back to 1 default profile: "default"
2023-04-08T16:15:50.363+07:00  INFO 7328 --- [restartedMain] c.e.c.ChallengeChapter4Application       : Started ChallengeChapter4Application in 4.942 seconds (process running for 6.068)
2023-04-08T16:15:58.005+07:00  INFO 7328 --- [http-nio-8080-exec-1] c.e.c.C.UsersController                  : Sukses Tampil Data
2023-04-09T16:05:14.674+07:00  INFO 22960 --- [restartedMain] c.e.c.ChallengeChapter4Application       : Starting ChallengeChapter4Application using Java 17.0.2 with PID 22960 (E:\Intellij Project\Challenge_Chapter_4\target\classes started by EnVyx in E:\Intellij Project\Challenge_Chapter_4)
2023-04-09T16:05:14.704+07:00  INFO 22960 --- [restartedMain] c.e.c.ChallengeChapter4Application       : No active profile set, falling back to 1 default profile: "default"
2023-04-09T16:05:23.477+07:00  INFO 22960 --- [restartedMain] c.e.c.ChallengeChapter4Application       : Started ChallengeChapter4Application in 10.371 seconds (process running for 39.026)
2023-04-09T16:05:30.076+07:00  INFO 22960 --- [http-nio-8080-exec-1] c.e.c.C.UsersController                  : Sukses Tampil Data
2023-04-09T16:06:25.309+07:00  INFO 22960 --- [http-nio-8080-exec-3] c.e.c.C.FilmController                   : Sukses Tampil Data
2023-04-09T16:06:50.546+07:00  INFO 22960 --- [http-nio-8080-exec-7] c.e.c.C.FilmController                   : [FilmEntity{film_code='M01', film_name='Api', tayang_atau_tidak='Tayang'}, FilmEntity{film_code='M02', film_name='Kuda', tayang_atau_tidak='Tayang'}]
2023-04-09T16:07:28.894+07:00  INFO 22960 --- [http-nio-8080-exec-10] c.e.c.C.FilmController                   : Sukses Tampil Data
2023-04-09T16:29:54.082+07:00  INFO 22144 --- [restartedMain] c.e.c.ChallengeChapter4Application       : Starting ChallengeChapter4Application using Java 17.0.2 with PID 22144 (E:\Intellij Project\Challenge_Chapter_4\target\classes started by EnVyx in E:\Intellij Project\Challenge_Chapter_4)
2023-04-09T16:29:54.107+07:00  INFO 22144 --- [restartedMain] c.e.c.ChallengeChapter4Application       : No active profile set, falling back to 1 default profile: "default"
2023-04-09T16:29:59.151+07:00  INFO 22144 --- [restartedMain] c.e.c.ChallengeChapter4Application       : Started ChallengeChapter4Application in 5.725 seconds (process running for 7.383)
2023-04-09T16:30:18.445+07:00  INFO 22144 --- [http-nio-8080-exec-2] c.e.c.C.UsersController                  : Sukses Tampil Data
2023-04-09T16:32:11.265+07:00  WARN 22144 --- [http-nio-8080-exec-6] c.e.c.C.UsersController                  : java.lang.RuntimeException: User ID 3 Sudah Ada
2023-04-09T16:32:21.366+07:00  INFO 22144 --- [http-nio-8080-exec-7] c.e.c.C.UsersController                  : Sukses Tampil Data
2023-04-09T16:33:19.725+07:00  INFO 22144 --- [http-nio-8080-exec-9] c.e.c.C.UsersController                  : [UsersEntity{id_user=4, username='Huda', email='Huda@gmail.com', password='Huda'}, UsersEntity{id_user=5, username='Lumine', email='Lumine0912@gmail.com', password='Oboki9012'}]
2023-04-09T16:33:26.008+07:00  INFO 22144 --- [http-nio-8080-exec-10] c.e.c.C.UsersController                  : Sukses Tampil Data
2023-04-09T16:33:38.239+07:00  INFO 22144 --- [http-nio-8080-exec-1] c.e.c.C.JadwalController                 : Sukses Tampil Data
2023-04-09T16:34:32.883+07:00  INFO 22144 --- [http-nio-8080-exec-2] c.e.c.C.JadwalController                 : [JadwalEntity(id_jadwal=3, film_code=001, tanggal_tayang=2023-04-03, jam_mulai=13:25:00, jam_selesai=15:20:00, harga_tiket=35000), JadwalEntity(id_jadwal=4, film_code=002, tanggal_tayang=2023-04-06, jam_mulai=14:25:00, jam_selesai=17:20:00, harga_tiket=35000)]
2023-04-09T16:34:40.084+07:00  INFO 22144 --- [http-nio-8080-exec-4] c.e.c.C.JadwalController                 : Sukses Tampil Data
2023-04-09T16:34:47.492+07:00  INFO 22144 --- [http-nio-8080-exec-5] c.e.c.C.FilmController                   : Sukses Tampil Data
2023-04-09T16:41:08.516+07:00  INFO 23084 --- [restartedMain] c.e.c.ChallengeChapter4Application       : Starting ChallengeChapter4Application using Java 17.0.2 with PID 23084 (E:\Intellij Project\Challenge_Chapter_4\target\classes started by EnVyx in E:\Intellij Project\Challenge_Chapter_4)
2023-04-09T16:41:08.560+07:00  INFO 23084 --- [restartedMain] c.e.c.ChallengeChapter4Application       : No active profile set, falling back to 1 default profile: "default"
2023-04-09T16:41:16.760+07:00  INFO 23084 --- [restartedMain] c.e.c.ChallengeChapter4Application       : Started ChallengeChapter4Application in 8.96 seconds (process running for 10.609)
2023-04-09T16:42:05.494+07:00 ERROR 23084 --- [http-nio-8080-exec-3] o.h.e.j.s.SqlExceptionHelper             : ERROR: duplicate key value violates unique constraint "jadwal_film_code_key"
  Detail: Key (film_code)=(001) already exists.
2023-04-09T16:42:05.529+07:00  WARN 23084 --- [http-nio-8080-exec-3] c.e.c.C.JadwalController                 : org.springframework.dao.DataIntegrityViolationException: could not execute statement; SQL [n/a]; constraint [jadwal_film_code_key]
2023-04-09T16:42:39.181+07:00  INFO 23084 --- [http-nio-8080-exec-4] c.e.c.C.JadwalController                 : Sukses Tampil Data
2023-04-09T16:43:01.197+07:00  INFO 23084 --- [http-nio-8080-exec-8] c.e.c.C.JadwalController                 : Sukses add Data [JadwalEntity(id_jadwal=5, film_code=003, tanggal_tayang=2023-04-03, jam_mulai=13:25:00, jam_selesai=15:20:00, harga_tiket=35000), JadwalEntity(id_jadwal=6, film_code=004, tanggal_tayang=2023-04-06, jam_mulai=14:25:00, jam_selesai=17:20:00, harga_tiket=35000)]
2023-04-11T14:18:34.262+07:00  INFO 19080 --- [restartedMain] c.e.c.ChallengeChapter4Application       : Starting ChallengeChapter4Application using Java 17.0.2 with PID 19080 (E:\Intellij Project\Challenge_Chapter_4\target\classes started by EnVyx in E:\Intellij Project\Challenge_Chapter_4)
2023-04-11T14:18:34.333+07:00  INFO 19080 --- [restartedMain] c.e.c.ChallengeChapter4Application       : No active profile set, falling back to 1 default profile: "default"
2023-04-11T14:18:42.288+07:00  INFO 19080 --- [restartedMain] c.e.c.ChallengeChapter4Application       : Started ChallengeChapter4Application in 8.813 seconds (process running for 10.437)
2023-04-11T14:18:47.902+07:00  INFO 19080 --- [http-nio-8080-exec-1] c.e.c.C.JadwalController                 : Sukses Tampil Data
2023-04-11T14:18:55.770+07:00  INFO 19080 --- [http-nio-8080-exec-3] c.e.c.C.FilmController                   : Sukses Tampil Data
2023-04-11T14:31:47.818+07:00  INFO 1996 --- [restartedMain] c.e.c.ChallengeChapter4Application       : Starting ChallengeChapter4Application using Java 17.0.2 with PID 1996 (E:\Intellij Project\Challenge_Chapter_4\target\classes started by EnVyx in E:\Intellij Project\Challenge_Chapter_4)
2023-04-11T14:31:47.838+07:00  INFO 1996 --- [restartedMain] c.e.c.ChallengeChapter4Application       : No active profile set, falling back to 1 default profile: "default"
2023-04-11T14:32:06.752+07:00  INFO 1996 --- [restartedMain] c.e.c.ChallengeChapter4Application       : Started ChallengeChapter4Application in 23.389 seconds (process running for 26.887)
2023-04-11T14:33:02.577+07:00  WARN 1996 --- [http-nio-8080-exec-1] c.e.c.C.FilmController                   : org.springframework.dao.InvalidDataAccessResourceUsageException: Named parameter not bound : tayang_atau_tidak
2023-04-11T14:34:06.169+07:00  INFO 3272 --- [restartedMain] c.e.c.ChallengeChapter4Application       : Starting ChallengeChapter4Application using Java 17.0.2 with PID 3272 (E:\Intellij Project\Challenge_Chapter_4\target\classes started by EnVyx in E:\Intellij Project\Challenge_Chapter_4)
2023-04-11T14:34:06.182+07:00  INFO 3272 --- [restartedMain] c.e.c.ChallengeChapter4Application       : No active profile set, falling back to 1 default profile: "default"
2023-04-11T14:34:12.080+07:00  INFO 3272 --- [restartedMain] c.e.c.ChallengeChapter4Application       : Started ChallengeChapter4Application in 6.683 seconds (process running for 8.2)
2023-04-11T14:34:21.382+07:00  INFO 3272 --- [http-nio-8080-exec-1] c.e.c.C.FilmController                   : []
2023-04-11T14:34:31.657+07:00  INFO 3272 --- [http-nio-8080-exec-3] c.e.c.C.FilmController                   : Sukses Tampil Data
2023-04-11T14:34:44.582+07:00  INFO 3272 --- [http-nio-8080-exec-4] c.e.c.C.FilmController                   : []
2023-04-11T14:35:08.690+07:00  INFO 9536 --- [restartedMain] c.e.c.ChallengeChapter4Application       : Starting ChallengeChapter4Application using Java 17.0.2 with PID 9536 (E:\Intellij Project\Challenge_Chapter_4\target\classes started by EnVyx in E:\Intellij Project\Challenge_Chapter_4)
2023-04-11T14:35:08.704+07:00  INFO 9536 --- [restartedMain] c.e.c.ChallengeChapter4Application       : No active profile set, falling back to 1 default profile: "default"
2023-04-11T14:35:14.974+07:00  INFO 9536 --- [restartedMain] c.e.c.ChallengeChapter4Application       : Started ChallengeChapter4Application in 6.987 seconds (process running for 8.272)
2023-04-11T14:35:30.306+07:00  INFO 9536 --- [http-nio-8080-exec-1] c.e.c.C.FilmController                   : [FilmEntity{film_code='H01', film_name='Beranak Dalam Kubur', tayang_atau_tidak='Sedang Tayang'}, FilmEntity{film_code='L01', film_name='John Wick: Chapter 4', tayang_atau_tidak='Sedang Tayang'}, FilmEntity{film_code='L02', film_name='Ant-Man and the Wasp: Quantumania', tayang_atau_tidak='Sedang Tayang'}]
2023-04-11T14:46:57.955+07:00  INFO 9536 --- [http-nio-8080-exec-4] c.e.c.C.FilmController                   : Sukses Tampil Data
2023-04-11T14:48:08.968+07:00  INFO 9536 --- [http-nio-8080-exec-7] c.e.c.C.FilmController                   : FilmEntity{film_code='M02', film_name='Jaran', tayang_atau_tidak='Tidak Tayang'}
2023-04-11T14:48:16.441+07:00  INFO 9536 --- [http-nio-8080-exec-9] c.e.c.C.FilmController                   : Sukses Tampil Data
2023-04-11T14:48:40.279+07:00  WARN 9536 --- [http-nio-8080-exec-10] c.e.c.C.FilmController                   : java.util.NoSuchElementException: No value present
2023-04-11T14:51:52.055+07:00 ERROR 9536 --- [http-nio-8080-exec-3] c.e.c.C.FilmController                   : java.util.NoSuchElementException: No value present
2023-04-11T14:52:02.933+07:00  INFO 9536 --- [http-nio-8080-exec-4] c.e.c.C.FilmController                   : Sukses Tampil Data
2023-04-11T14:52:23.504+07:00  INFO 9536 --- [http-nio-8080-exec-6] c.e.c.C.FilmController                   : FilmEntity{film_code='M02', film_name='Jaran', tayang_atau_tidak='Tidak Tayang'}
2023-04-11T14:52:29.774+07:00  INFO 9536 --- [http-nio-8080-exec-8] c.e.c.C.FilmController                   : Sukses Tampil Data
2023-04-11T14:53:13.976+07:00  INFO 9536 --- [http-nio-8080-exec-7] c.e.c.C.FilmController                   : Sukses Tampil Data
2023-04-11T14:53:23.425+07:00  INFO 9536 --- [http-nio-8080-exec-9] c.e.c.C.FilmController                   : Sukses Tampil Data
2023-04-11T14:53:35.596+07:00  INFO 9536 --- [http-nio-8080-exec-10] c.e.c.C.FilmController                   : Sukses Tampil Data
2023-04-11T14:53:49.648+07:00  INFO 9536 --- [http-nio-8080-exec-2] c.e.c.C.FilmController                   : Sukses Tampil Data
2023-04-11T14:53:53.624+07:00  INFO 9536 --- [http-nio-8080-exec-1] c.e.c.C.FilmController                   : Sukses Tampil Data
2023-04-11T14:53:57.274+07:00  INFO 9536 --- [http-nio-8080-exec-3] c.e.c.C.FilmController                   : Sukses Tampil Data
2023-04-11T14:54:02.146+07:00  INFO 9536 --- [http-nio-8080-exec-5] c.e.c.C.FilmController                   : Sukses Tampil Data
2023-04-11T14:54:10.050+07:00  INFO 9536 --- [http-nio-8080-exec-4] c.e.c.C.FilmController                   : Sukses Tampil Data
2023-04-11T14:54:19.559+07:00  INFO 9536 --- [http-nio-8080-exec-6] c.e.c.C.FilmController                   : Sukses Tampil Data
2023-04-11T14:54:26.317+07:00  INFO 9536 --- [http-nio-8080-exec-8] c.e.c.C.FilmController                   : Sukses Tampil Data
2023-04-11T14:57:22.317+07:00  INFO 14004 --- [restartedMain] c.e.c.ChallengeChapter4Application       : Starting ChallengeChapter4Application using Java 17.0.2 with PID 14004 (E:\Intellij Project\Challenge_Chapter_4\target\classes started by EnVyx in E:\Intellij Project\Challenge_Chapter_4)
2023-04-11T14:57:22.333+07:00  INFO 14004 --- [restartedMain] c.e.c.ChallengeChapter4Application       : No active profile set, falling back to 1 default profile: "default"
2023-04-11T14:57:31.964+07:00  INFO 14004 --- [restartedMain] c.e.c.ChallengeChapter4Application       : Started ChallengeChapter4Application in 10.748 seconds (process running for 17.529)
2023-04-11T14:58:05.585+07:00  WARN 14004 --- [http-nio-8080-exec-1] c.e.c.C.FilmController                   : org.springframework.dao.IncorrectResultSizeDataAccessException: query did not return a unique result: 2
2023-04-11T14:58:22.476+07:00  INFO 14004 --- [http-nio-8080-exec-3] c.e.c.C.FilmController                   : null
2023-04-11T14:58:22.479+07:00  WARN 14004 --- [http-nio-8080-exec-3] c.e.c.C.FilmController                   : java.lang.NullPointerException: Cannot invoke "com.example.challenge_chapter_4.Model.FilmEntity.getFilm_name()" because "film" is null
2023-04-11T14:58:26.568+07:00  INFO 14004 --- [http-nio-8080-exec-4] c.e.c.C.FilmController                   : FilmEntity{film_code='L01', film_name='John Wick: Chapter 4', tayang_atau_tidak='Sedang Tayang'}
2023-04-11T14:58:33.517+07:00  INFO 14004 --- [http-nio-8080-exec-5] c.e.c.C.FilmController                   : FilmEntity{film_code='L01', film_name='John Wick: Chapter 4', tayang_atau_tidak='Sedang Tayang'}
2023-04-11T14:58:39.114+07:00  INFO 14004 --- [http-nio-8080-exec-6] c.e.c.C.FilmController                   : Sukses Tampil Data
2023-04-11T14:58:50.394+07:00  INFO 14004 --- [http-nio-8080-exec-7] c.e.c.C.FilmController                   : FilmEntity{film_code='L01', film_name='John Wick: Chapter 4', tayang_atau_tidak='Sedang Tayang'}
2023-04-11T14:58:53.285+07:00  WARN 14004 --- [http-nio-8080-exec-8] c.e.c.C.FilmController                   : org.springframework.dao.IncorrectResultSizeDataAccessException: query did not return a unique result: 2
2023-04-11T15:02:28.833+07:00  INFO 18688 --- [restartedMain] c.e.c.ChallengeChapter4Application       : Starting ChallengeChapter4Application using Java 17.0.2 with PID 18688 (E:\Intellij Project\Challenge_Chapter_4\target\classes started by EnVyx in E:\Intellij Project\Challenge_Chapter_4)
2023-04-11T15:02:29.025+07:00  INFO 18688 --- [restartedMain] c.e.c.ChallengeChapter4Application       : No active profile set, falling back to 1 default profile: "default"
2023-04-11T15:02:35.071+07:00  INFO 18688 --- [restartedMain] c.e.c.ChallengeChapter4Application       : Started ChallengeChapter4Application in 7.33 seconds (process running for 8.643)
2023-04-11T15:02:41.091+07:00  INFO 18688 --- [http-nio-8080-exec-1] c.e.c.C.FilmController                   : [FilmEntity{film_code='L01', film_name='John Wick: Chapter 4', tayang_atau_tidak='Sedang Tayang'}, FilmEntity{film_code='L02', film_name='Ant-Man and the Wasp: Quantumania', tayang_atau_tidak='Sedang Tayang'}]
2023-04-14T11:04:52.477+07:00  INFO 12560 --- [restartedMain] c.e.c.ChallengeChapter4Application       : Starting ChallengeChapter4Application using Java 17.0.2 with PID 12560 (E:\Intellij Project\Challenge_Chapter_4\target\classes started by EnVyx in E:\Intellij Project\Challenge_Chapter_4)
2023-04-14T11:04:52.587+07:00  INFO 12560 --- [restartedMain] c.e.c.ChallengeChapter4Application       : No active profile set, falling back to 1 default profile: "default"
2023-04-14T11:05:01.715+07:00 ERROR 12560 --- [restartedMain] c.z.h.p.HikariPool                       : HikariPool-1 - Exception during pool initialization.

org.postgresql.util.PSQLException: The connection attempt failed.
	at org.postgresql.core.v3.ConnectionFactoryImpl.openConnectionImpl(ConnectionFactoryImpl.java:354) ~[postgresql-42.5.4.jar:42.5.4]
	at org.postgresql.core.ConnectionFactory.openConnection(ConnectionFactory.java:54) ~[postgresql-42.5.4.jar:42.5.4]
	at org.postgresql.jdbc.PgConnection.<init>(PgConnection.java:253) ~[postgresql-42.5.4.jar:42.5.4]
	at org.postgresql.Driver.makeConnection(Driver.java:434) ~[postgresql-42.5.4.jar:42.5.4]
	at org.postgresql.Driver.connect(Driver.java:291) ~[postgresql-42.5.4.jar:42.5.4]
	at com.zaxxer.hikari.util.DriverDataSource.getConnection(DriverDataSource.java:138) ~[HikariCP-5.0.1.jar:?]
	at com.zaxxer.hikari.pool.PoolBase.newConnection(PoolBase.java:359) ~[HikariCP-5.0.1.jar:?]
	at com.zaxxer.hikari.pool.PoolBase.newPoolEntry(PoolBase.java:201) ~[HikariCP-5.0.1.jar:?]
	at com.zaxxer.hikari.pool.HikariPool.createPoolEntry(HikariPool.java:470) ~[HikariCP-5.0.1.jar:?]
	at com.zaxxer.hikari.pool.HikariPool.checkFailFast(HikariPool.java:561) ~[HikariCP-5.0.1.jar:?]
	at com.zaxxer.hikari.pool.HikariPool.<init>(HikariPool.java:100) ~[HikariCP-5.0.1.jar:?]
	at com.zaxxer.hikari.HikariDataSource.getConnection(HikariDataSource.java:112) ~[HikariCP-5.0.1.jar:?]
	at org.hibernate.engine.jdbc.connections.internal.DatasourceConnectionProviderImpl.getConnection(DatasourceConnectionProviderImpl.java:122) ~[hibernate-core-6.1.7.Final.jar:6.1.7.Final]
	at org.hibernate.engine.jdbc.env.internal.JdbcEnvironmentInitiator$ConnectionProviderJdbcConnectionAccess.obtainConnection(JdbcEnvironmentInitiator.java:284) ~[hibernate-core-6.1.7.Final.jar:6.1.7.Final]
	at org.hibernate.engine.jdbc.env.internal.JdbcEnvironmentInitiator.initiateService(JdbcEnvironmentInitiator.java:177) ~[hibernate-core-6.1.7.Final.jar:6.1.7.Final]
	at org.hibernate.engine.jdbc.env.internal.JdbcEnvironmentInitiator.initiateService(JdbcEnvironmentInitiator.java:36) ~[hibernate-core-6.1.7.Final.jar:6.1.7.Final]
	at org.hibernate.boot.registry.internal.StandardServiceRegistryImpl.initiateService(StandardServiceRegistryImpl.java:119) ~[hibernate-core-6.1.7.Final.jar:6.1.7.Final]
	at org.hibernate.service.internal.AbstractServiceRegistryImpl.createService(AbstractServiceRegistryImpl.java:255) ~[hibernate-core-6.1.7.Final.jar:6.1.7.Final]
	at org.hibernate.service.internal.AbstractServiceRegistryImpl.initializeService(AbstractServiceRegistryImpl.java:230) ~[hibernate-core-6.1.7.Final.jar:6.1.7.Final]
	at org.hibernate.service.internal.AbstractServiceRegistryImpl.getService(AbstractServiceRegistryImpl.java:207) ~[hibernate-core-6.1.7.Final.jar:6.1.7.Final]
	at org.hibernate.boot.model.relational.Database.<init>(Database.java:44) ~[hibernate-core-6.1.7.Final.jar:6.1.7.Final]
	at org.hibernate.boot.internal.InFlightMetadataCollectorImpl.getDatabase(InFlightMetadataCollectorImpl.java:218) ~[hibernate-core-6.1.7.Final.jar:6.1.7.Final]
	at org.hibernate.boot.internal.InFlightMetadataCollectorImpl.<init>(InFlightMetadataCollectorImpl.java:191) ~[hibernate-core-6.1.7.Final.jar:6.1.7.Final]
	at org.hibernate.boot.model.process.spi.MetadataBuildingProcess.complete(MetadataBuildingProcess.java:138) ~[hibernate-core-6.1.7.Final.jar:6.1.7.Final]
	at org.hibernate.jpa.boot.internal.EntityManagerFactoryBuilderImpl.metadata(EntityManagerFactoryBuilderImpl.java:1348) ~[hibernate-core-6.1.7.Final.jar:6.1.7.Final]
	at org.hibernate.jpa.boot.internal.EntityManagerFactoryBuilderImpl.build(EntityManagerFactoryBuilderImpl.java:1419) ~[hibernate-core-6.1.7.Final.jar:6.1.7.Final]
	at org.springframework.orm.jpa.vendor.SpringHibernateJpaPersistenceProvider.createContainerEntityManagerFactory(SpringHibernateJpaPersistenceProvider.java:66) ~[spring-orm-6.0.7.jar:6.0.7]
	at org.springframework.orm.jpa.LocalContainerEntityManagerFactoryBean.createNativeEntityManagerFactory(LocalContainerEntityManagerFactoryBean.java:376) ~[spring-orm-6.0.7.jar:6.0.7]
	at org.springframework.orm.jpa.AbstractEntityManagerFactoryBean.buildNativeEntityManagerFactory(AbstractEntityManagerFactoryBean.java:409) ~[spring-orm-6.0.7.jar:6.0.7]
	at org.springframework.orm.jpa.AbstractEntityManagerFactoryBean.afterPropertiesSet(AbstractEntityManagerFactoryBean.java:396) ~[spring-orm-6.0.7.jar:6.0.7]
	at org.springframework.orm.jpa.LocalContainerEntityManagerFactoryBean.afterPropertiesSet(LocalContainerEntityManagerFactoryBean.java:352) ~[spring-orm-6.0.7.jar:6.0.7]
	at org.springframework.beans.factory.support.AbstractAutowireCapableBeanFactory.invokeInitMethods(AbstractAutowireCapableBeanFactory.java:1816) ~[spring-beans-6.0.7.jar:6.0.7]
	at org.springframework.beans.factory.support.AbstractAutowireCapableBeanFactory.initializeBean(AbstractAutowireCapableBeanFactory.java:1766) ~[spring-beans-6.0.7.jar:6.0.7]
	at org.springframework.beans.factory.support.AbstractAutowireCapableBeanFactory.doCreateBean(AbstractAutowireCapableBeanFactory.java:598) ~[spring-beans-6.0.7.jar:6.0.7]
	at org.springframework.beans.factory.support.AbstractAutowireCapableBeanFactory.createBean(AbstractAutowireCapableBeanFactory.java:520) ~[spring-beans-6.0.7.jar:6.0.7]
	at org.springframework.beans.factory.support.AbstractBeanFactory.lambda$doGetBean$0(AbstractBeanFactory.java:326) ~[spring-beans-6.0.7.jar:6.0.7]
	at org.springframework.beans.factory.support.DefaultSingletonBeanRegistry.getSingleton(DefaultSingletonBeanRegistry.java:234) ~[spring-beans-6.0.7.jar:6.0.7]
	at org.springframework.beans.factory.support.AbstractBeanFactory.doGetBean(AbstractBeanFactory.java:324) ~[spring-beans-6.0.7.jar:6.0.7]
	at org.springframework.beans.factory.support.AbstractBeanFactory.getBean(AbstractBeanFactory.java:200) ~[spring-beans-6.0.7.jar:6.0.7]
	at org.springframework.context.support.AbstractApplicationContext.getBean(AbstractApplicationContext.java:1132) ~[spring-context-6.0.7.jar:6.0.7]
	at org.springframework.context.support.AbstractApplicationContext.finishBeanFactoryInitialization(AbstractApplicationContext.java:907) ~[spring-context-6.0.7.jar:6.0.7]
	at org.springframework.context.support.AbstractApplicationContext.refresh(AbstractApplicationContext.java:584) ~[spring-context-6.0.7.jar:6.0.7]
	at org.springframework.boot.web.servlet.context.ServletWebServerApplicationContext.refresh(ServletWebServerApplicationContext.java:146) ~[spring-boot-3.0.5.jar:3.0.5]
	at org.springframework.boot.SpringApplication.refresh(SpringApplication.java:732) ~[spring-boot-3.0.5.jar:3.0.5]
	at org.springframework.boot.SpringApplication.refreshContext(SpringApplication.java:434) ~[spring-boot-3.0.5.jar:3.0.5]
	at org.springframework.boot.SpringApplication.run(SpringApplication.java:310) ~[spring-boot-3.0.5.jar:3.0.5]
	at org.springframework.boot.SpringApplication.run(SpringApplication.java:1304) ~[spring-boot-3.0.5.jar:3.0.5]
	at org.springframework.boot.SpringApplication.run(SpringApplication.java:1293) ~[spring-boot-3.0.5.jar:3.0.5]
	at com.example.challenge_chapter_4.ChallengeChapter4Application.main(ChallengeChapter4Application.java:10) ~[classes/:?]
	at jdk.internal.reflect.NativeMethodAccessorImpl.invoke0(Native Method) ~[?:?]
	at jdk.internal.reflect.NativeMethodAccessorImpl.invoke(NativeMethodAccessorImpl.java:77) ~[?:?]
	at jdk.internal.reflect.DelegatingMethodAccessorImpl.invoke(DelegatingMethodAccessorImpl.java:43) ~[?:?]
	at java.lang.reflect.Method.invoke(Method.java:568) ~[?:?]
	at org.springframework.boot.devtools.restart.RestartLauncher.run(RestartLauncher.java:49) ~[spring-boot-devtools-3.0.5.jar:3.0.5]
Caused by: java.net.SocketTimeoutException: Read timed out
	at sun.nio.ch.NioSocketImpl.timedRead(NioSocketImpl.java:283) ~[?:?]
	at sun.nio.ch.NioSocketImpl.implRead(NioSocketImpl.java:309) ~[?:?]
	at sun.nio.ch.NioSocketImpl.read(NioSocketImpl.java:350) ~[?:?]
	at sun.nio.ch.NioSocketImpl$1.read(NioSocketImpl.java:803) ~[?:?]
	at java.net.Socket$SocketInputStream.read(Socket.java:966) ~[?:?]
	at org.postgresql.core.VisibleBufferedInputStream.readMore(VisibleBufferedInputStream.java:161) ~[postgresql-42.5.4.jar:42.5.4]
	at org.postgresql.core.VisibleBufferedInputStream.ensureBytes(VisibleBufferedInputStream.java:128) ~[postgresql-42.5.4.jar:42.5.4]
	at org.postgresql.core.VisibleBufferedInputStream.ensureBytes(VisibleBufferedInputStream.java:113) ~[postgresql-42.5.4.jar:42.5.4]
	at org.postgresql.core.VisibleBufferedInputStream.read(VisibleBufferedInputStream.java:73) ~[postgresql-42.5.4.jar:42.5.4]
	at org.postgresql.core.PGStream.receiveChar(PGStream.java:465) ~[postgresql-42.5.4.jar:42.5.4]
	at org.postgresql.core.v3.ConnectionFactoryImpl.enableSSL(ConnectionFactoryImpl.java:589) ~[postgresql-42.5.4.jar:42.5.4]
	at org.postgresql.core.v3.ConnectionFactoryImpl.tryConnect(ConnectionFactoryImpl.java:191) ~[postgresql-42.5.4.jar:42.5.4]
	at org.postgresql.core.v3.ConnectionFactoryImpl.openConnectionImpl(ConnectionFactoryImpl.java:258) ~[postgresql-42.5.4.jar:42.5.4]
	... 53 more

2023-04-14T11:05:04.042+07:00  INFO 12560 --- [restartedMain] c.e.c.ChallengeChapter4Application       : Started ChallengeChapter4Application in 12.179 seconds (process running for 21.947)
2023-04-14T11:05:07.915+07:00  INFO 12560 --- [http-nio-8080-exec-2] c.e.c.C.FilmController                   : [FilmEntity{film_code='L01', film_name='John Wick: Chapter 4', tayang_atau_tidak='Sedang Tayang'}, FilmEntity{film_code='L02', film_name='Ant-Man and the Wasp: Quantumania', tayang_atau_tidak='Sedang Tayang'}]
2023-04-14T11:08:10.433+07:00  INFO 16832 --- [restartedMain] c.e.c.ChallengeChapter4Application       : Starting ChallengeChapter4Application using Java 17.0.2 with PID 16832 (E:\Intellij Project\Challenge_Chapter_4\target\classes started by EnVyx in E:\Intellij Project\Challenge_Chapter_4)
2023-04-14T11:08:10.441+07:00  INFO 16832 --- [restartedMain] c.e.c.ChallengeChapter4Application       : No active profile set, falling back to 1 default profile: "default"
2023-04-14T11:08:15.191+07:00  INFO 16832 --- [restartedMain] c.e.c.ChallengeChapter4Application       : Started ChallengeChapter4Application in 5.313 seconds (process running for 6.458)
2023-04-14T11:08:19.138+07:00  WARN 16832 --- [http-nio-8080-exec-2] c.e.c.C.FilmController                   : org.springframework.core.convert.ConversionFailedException: Failed to convert from type [java.lang.Object[]] to type [@org.springframework.data.jpa.repository.Query com.example.challenge_chapter_4.Model.FilmEntity] for value '{JadwalEntity(id_jadwal=1, film_code=L01, tanggal_tayang=2023-04-03, jam_mulai=13:25:00, jam_selesai=15:20:00, harga_tiket=35000), FilmEntity{film_code='L01', film_name='John Wick: Chapter 4', tayang_atau_tidak='Sedang Tayang'}}'
2023-04-14T11:09:22.679+07:00  WARN 16832 --- [http-nio-8080-exec-5] c.e.c.C.FilmController                   : org.springframework.core.convert.ConversionFailedException: Failed to convert from type [java.lang.Object[]] to type [@org.springframework.data.jpa.repository.Query com.example.challenge_chapter_4.Model.FilmEntity] for value '{JadwalEntity(id_jadwal=1, film_code=L01, tanggal_tayang=2023-04-03, jam_mulai=13:25:00, jam_selesai=15:20:00, harga_tiket=35000), FilmEntity{film_code='L01', film_name='John Wick: Chapter 4', tayang_atau_tidak='Sedang Tayang'}}'
2023-04-14T11:10:07.314+07:00  INFO 1924 --- [restartedMain] c.e.c.ChallengeChapter4Application       : Starting ChallengeChapter4Application using Java 17.0.2 with PID 1924 (E:\Intellij Project\Challenge_Chapter_4\target\classes started by EnVyx in E:\Intellij Project\Challenge_Chapter_4)
2023-04-14T11:10:07.325+07:00  INFO 1924 --- [restartedMain] c.e.c.ChallengeChapter4Application       : No active profile set, falling back to 1 default profile: "default"
2023-04-14T11:10:11.914+07:00  INFO 1924 --- [restartedMain] c.e.c.ChallengeChapter4Application       : Started ChallengeChapter4Application in 5.102 seconds (process running for 6.136)
2023-04-14T11:10:15.979+07:00  WARN 1924 --- [http-nio-8080-exec-1] c.e.c.C.FilmController                   : org.springframework.core.convert.ConversionFailedException: Failed to convert from type [java.lang.Object[]] to type [@org.springframework.data.jpa.repository.Query com.example.challenge_chapter_4.Model.FilmEntity] for value '{JadwalEntity(id_jadwal=1, film_code=L01, tanggal_tayang=2023-04-03, jam_mulai=13:25:00, jam_selesai=15:20:00, harga_tiket=35000), FilmEntity{film_code='L01', film_name='John Wick: Chapter 4', tayang_atau_tidak='Sedang Tayang'}}'
2023-04-14T11:10:43.336+07:00  INFO 13248 --- [restartedMain] c.e.c.ChallengeChapter4Application       : Starting ChallengeChapter4Application using Java 17.0.2 with PID 13248 (E:\Intellij Project\Challenge_Chapter_4\target\classes started by EnVyx in E:\Intellij Project\Challenge_Chapter_4)
2023-04-14T11:10:43.342+07:00  INFO 13248 --- [restartedMain] c.e.c.ChallengeChapter4Application       : No active profile set, falling back to 1 default profile: "default"
2023-04-14T11:10:47.209+07:00  INFO 13248 --- [restartedMain] c.e.c.ChallengeChapter4Application       : Started ChallengeChapter4Application in 4.378 seconds (process running for 5.398)
2023-04-14T11:10:49.546+07:00  INFO 13248 --- [http-nio-8080-exec-1] c.e.c.C.FilmController                   : [FilmEntity{film_code='L01', film_name='John Wick: Chapter 4', tayang_atau_tidak='Sedang Tayang'}]
2023-04-14T11:11:54.590+07:00  INFO 14032 --- [restartedMain] c.e.c.ChallengeChapter4Application       : Starting ChallengeChapter4Application using Java 17.0.2 with PID 14032 (E:\Intellij Project\Challenge_Chapter_4\target\classes started by EnVyx in E:\Intellij Project\Challenge_Chapter_4)
2023-04-14T11:11:54.599+07:00  INFO 14032 --- [restartedMain] c.e.c.ChallengeChapter4Application       : No active profile set, falling back to 1 default profile: "default"
2023-04-14T11:11:58.359+07:00  INFO 14032 --- [restartedMain] c.e.c.ChallengeChapter4Application       : Started ChallengeChapter4Application in 4.282 seconds (process running for 5.322)
2023-04-14T11:12:01.496+07:00  INFO 14032 --- [http-nio-8080-exec-1] c.e.c.C.FilmController                   : [FilmEntity{film_code='L01', film_name='John Wick: Chapter 4', tayang_atau_tidak='Sedang Tayang'}]
2023-04-14T11:18:34.357+07:00  INFO 5716 --- [restartedMain] c.e.c.ChallengeChapter4Application       : Starting ChallengeChapter4Application using Java 17.0.2 with PID 5716 (E:\Intellij Project\Challenge_Chapter_4\target\classes started by EnVyx in E:\Intellij Project\Challenge_Chapter_4)
2023-04-14T11:18:34.365+07:00  INFO 5716 --- [restartedMain] c.e.c.ChallengeChapter4Application       : No active profile set, falling back to 1 default profile: "default"
2023-04-14T11:18:38.896+07:00  INFO 5716 --- [restartedMain] c.e.c.ChallengeChapter4Application       : Started ChallengeChapter4Application in 5.067 seconds (process running for 6.204)
2023-04-14T11:18:42.693+07:00  WARN 5716 --- [http-nio-8080-exec-1] c.e.c.C.FilmController                   : org.springframework.core.convert.ConversionFailedException: Failed to convert from type [java.lang.Object[]] to type [@org.springframework.data.jpa.repository.Query com.example.challenge_chapter_4.Model.FilmEntity] for value '{L01, John Wick: Chapter 4, Sedang Tayang, 2023-04-03, 13:25:00, 15:20:00, 35000}'
2023-04-14T11:24:56.938+07:00  INFO 2160 --- [restartedMain] c.e.c.ChallengeChapter4Application       : Starting ChallengeChapter4Application using Java 17.0.2 with PID 2160 (E:\Intellij Project\Challenge_Chapter_4\target\classes started by EnVyx in E:\Intellij Project\Challenge_Chapter_4)
2023-04-14T11:24:56.950+07:00  INFO 2160 --- [restartedMain] c.e.c.ChallengeChapter4Application       : No active profile set, falling back to 1 default profile: "default"
2023-04-14T11:25:01.185+07:00  INFO 2160 --- [restartedMain] c.e.c.ChallengeChapter4Application       : Started ChallengeChapter4Application in 4.823 seconds (process running for 5.858)
2023-04-14T11:25:06.039+07:00  WARN 2160 --- [http-nio-8080-exec-1] c.e.c.C.FilmController                   : org.springframework.core.convert.ConversionFailedException: Failed to convert from type [java.lang.Object[]] to type [@org.springframework.data.jpa.repository.Query com.example.challenge_chapter_4.Model.FilmEntity] for value '{L01, John Wick: Chapter 4, Sedang Tayang, 2023-04-03, 13:25:00, 15:20:00, 35000}'
2023-04-14T11:26:40.602+07:00  WARN 2160 --- [http-nio-8080-exec-5] c.e.c.C.FilmController                   : org.springframework.core.convert.ConversionFailedException: Failed to convert from type [java.lang.Object[]] to type [@org.springframework.data.jpa.repository.Query com.example.challenge_chapter_4.Model.FilmEntity] for value '{L01, John Wick: Chapter 4, Sedang Tayang, 2023-04-03, 13:25:00, 15:20:00, 35000}'
2023-04-14T11:41:35.963+07:00  INFO 15496 --- [restartedMain] c.e.c.ChallengeChapter4Application       : Starting ChallengeChapter4Application using Java 17.0.2 with PID 15496 (E:\Intellij Project\Challenge_Chapter_4\target\classes started by EnVyx in E:\Intellij Project\Challenge_Chapter_4)
2023-04-14T11:41:36.233+07:00  INFO 15496 --- [restartedMain] c.e.c.ChallengeChapter4Application       : No active profile set, falling back to 1 default profile: "default"
2023-04-14T11:41:42.269+07:00  INFO 15496 --- [restartedMain] c.e.c.ChallengeChapter4Application       : Started ChallengeChapter4Application in 6.865 seconds (process running for 8.353)
2023-04-14T11:42:02.641+07:00  WARN 15496 --- [http-nio-8080-exec-2] c.e.c.C.FilmController                   : org.springframework.core.convert.ConversionFailedException: Failed to convert from type [java.lang.Object[]] to type [@org.springframework.data.jpa.repository.Query com.example.challenge_chapter_4.Model.FilmEntity] for value '{L01, John Wick: Chapter 4, Sedang Tayang, 2023-04-03, 13:25:00, 15:20:00, 35000}'
2023-04-14T11:42:05.577+07:00  WARN 15496 --- [http-nio-8080-exec-3] c.e.c.C.FilmController                   : org.springframework.core.convert.ConversionFailedException: Failed to convert from type [java.lang.Object[]] to type [@org.springframework.data.jpa.repository.Query com.example.challenge_chapter_4.Model.FilmEntity] for value '{L01, John Wick: Chapter 4, Sedang Tayang, 2023-04-03, 13:25:00, 15:20:00, 35000}'
2023-04-14T11:55:14.535+07:00  INFO 4736 --- [restartedMain] c.e.c.ChallengeChapter4Application       : Starting ChallengeChapter4Application using Java 17.0.2 with PID 4736 (E:\Intellij Project\Challenge_Chapter_4\target\classes started by EnVyx in E:\Intellij Project\Challenge_Chapter_4)
2023-04-14T11:55:14.544+07:00  INFO 4736 --- [restartedMain] c.e.c.ChallengeChapter4Application       : No active profile set, falling back to 1 default profile: "default"
2023-04-14T11:55:19.325+07:00  INFO 4736 --- [restartedMain] c.e.c.ChallengeChapter4Application       : Started ChallengeChapter4Application in 5.29 seconds (process running for 6.332)
2023-04-14T11:55:23.592+07:00  WARN 4736 --- [http-nio-8080-exec-1] c.e.c.C.FilmController                   : org.springframework.core.convert.ConversionFailedException: Failed to convert from type [java.lang.Object[]] to type [@org.springframework.data.jpa.repository.Query com.example.challenge_chapter_4.Model.FilmEntity] for value '{L01, John Wick: Chapter 4, Sedang Tayang, 2023-04-03, 13:25:00, 15:20:00, 35000}'
2023-04-14T11:59:22.829+07:00  INFO 2576 --- [restartedMain] c.e.c.ChallengeChapter4Application       : Starting ChallengeChapter4Application using Java 17.0.2 with PID 2576 (E:\Intellij Project\Challenge_Chapter_4\target\classes started by EnVyx in E:\Intellij Project\Challenge_Chapter_4)
2023-04-14T11:59:22.839+07:00  INFO 2576 --- [restartedMain] c.e.c.ChallengeChapter4Application       : No active profile set, falling back to 1 default profile: "default"
2023-04-14T11:59:24.901+07:00 ERROR 2576 --- [restartedMain] j.LocalContainerEntityManagerFactoryBean : Failed to initialize JPA EntityManagerFactory: Collection 'com.example.challenge_chapter_4.Model.FilmEntity.jadwal' is 'mappedBy' a property named 'filmCode' which does not exist in the target entity 'com.example.challenge_chapter_4.Model.JadwalEntity'
2023-04-14T11:59:25.048+07:00 ERROR 2576 --- [restartedMain] o.s.b.SpringApplication                  : Application run failed

org.springframework.beans.factory.BeanCreationException: Error creating bean with name 'entityManagerFactory' defined in class path resource [org/springframework/boot/autoconfigure/orm/jpa/HibernateJpaConfiguration.class]: Collection 'com.example.challenge_chapter_4.Model.FilmEntity.jadwal' is 'mappedBy' a property named 'filmCode' which does not exist in the target entity 'com.example.challenge_chapter_4.Model.JadwalEntity'
	at org.springframework.beans.factory.support.AbstractAutowireCapableBeanFactory.initializeBean(AbstractAutowireCapableBeanFactory.java:1770) ~[spring-beans-6.0.7.jar:6.0.7]
	at org.springframework.beans.factory.support.AbstractAutowireCapableBeanFactory.doCreateBean(AbstractAutowireCapableBeanFactory.java:598) ~[spring-beans-6.0.7.jar:6.0.7]
	at org.springframework.beans.factory.support.AbstractAutowireCapableBeanFactory.createBean(AbstractAutowireCapableBeanFactory.java:520) ~[spring-beans-6.0.7.jar:6.0.7]
	at org.springframework.beans.factory.support.AbstractBeanFactory.lambda$doGetBean$0(AbstractBeanFactory.java:326) ~[spring-beans-6.0.7.jar:6.0.7]
	at org.springframework.beans.factory.support.DefaultSingletonBeanRegistry.getSingleton(DefaultSingletonBeanRegistry.java:234) ~[spring-beans-6.0.7.jar:6.0.7]
	at org.springframework.beans.factory.support.AbstractBeanFactory.doGetBean(AbstractBeanFactory.java:324) ~[spring-beans-6.0.7.jar:6.0.7]
	at org.springframework.beans.factory.support.AbstractBeanFactory.getBean(AbstractBeanFactory.java:200) ~[spring-beans-6.0.7.jar:6.0.7]
	at org.springframework.context.support.AbstractApplicationContext.getBean(AbstractApplicationContext.java:1132) ~[spring-context-6.0.7.jar:6.0.7]
	at org.springframework.context.support.AbstractApplicationContext.finishBeanFactoryInitialization(AbstractApplicationContext.java:907) ~[spring-context-6.0.7.jar:6.0.7]
	at org.springframework.context.support.AbstractApplicationContext.refresh(AbstractApplicationContext.java:584) ~[spring-context-6.0.7.jar:6.0.7]
	at org.springframework.boot.web.servlet.context.ServletWebServerApplicationContext.refresh(ServletWebServerApplicationContext.java:146) ~[spring-boot-3.0.5.jar:3.0.5]
	at org.springframework.boot.SpringApplication.refresh(SpringApplication.java:732) ~[spring-boot-3.0.5.jar:3.0.5]
	at org.springframework.boot.SpringApplication.refreshContext(SpringApplication.java:434) ~[spring-boot-3.0.5.jar:3.0.5]
	at org.springframework.boot.SpringApplication.run(SpringApplication.java:310) ~[spring-boot-3.0.5.jar:3.0.5]
	at org.springframework.boot.SpringApplication.run(SpringApplication.java:1304) ~[spring-boot-3.0.5.jar:3.0.5]
	at org.springframework.boot.SpringApplication.run(SpringApplication.java:1293) ~[spring-boot-3.0.5.jar:3.0.5]
	at com.example.challenge_chapter_4.ChallengeChapter4Application.main(ChallengeChapter4Application.java:10) ~[classes/:?]
	at jdk.internal.reflect.NativeMethodAccessorImpl.invoke0(Native Method) ~[?:?]
	at jdk.internal.reflect.NativeMethodAccessorImpl.invoke(NativeMethodAccessorImpl.java:77) ~[?:?]
	at jdk.internal.reflect.DelegatingMethodAccessorImpl.invoke(DelegatingMethodAccessorImpl.java:43) ~[?:?]
	at java.lang.reflect.Method.invoke(Method.java:568) ~[?:?]
	at org.springframework.boot.devtools.restart.RestartLauncher.run(RestartLauncher.java:49) ~[spring-boot-devtools-3.0.5.jar:3.0.5]
Caused by: org.hibernate.AnnotationException: Collection 'com.example.challenge_chapter_4.Model.FilmEntity.jadwal' is 'mappedBy' a property named 'filmCode' which does not exist in the target entity 'com.example.challenge_chapter_4.Model.JadwalEntity'
	at org.hibernate.cfg.annotations.CollectionBinder.bindStarToManySecondPass(CollectionBinder.java:1568) ~[hibernate-core-6.1.7.Final.jar:6.1.7.Final]
	at org.hibernate.cfg.annotations.CollectionBinder$1.secondPass(CollectionBinder.java:1524) ~[hibernate-core-6.1.7.Final.jar:6.1.7.Final]
	at org.hibernate.cfg.CollectionSecondPass.doSecondPass(CollectionSecondPass.java:47) ~[hibernate-core-6.1.7.Final.jar:6.1.7.Final]
	at org.hibernate.boot.internal.InFlightMetadataCollectorImpl.processSecondPasses(InFlightMetadataCollectorImpl.java:1782) ~[hibernate-core-6.1.7.Final.jar:6.1.7.Final]
	at org.hibernate.boot.internal.InFlightMetadataCollectorImpl.processSecondPasses(InFlightMetadataCollectorImpl.java:1739) ~[hibernate-core-6.1.7.Final.jar:6.1.7.Final]
	at org.hibernate.boot.model.process.spi.MetadataBuildingProcess.complete(MetadataBuildingProcess.java:300) ~[hibernate-core-6.1.7.Final.jar:6.1.7.Final]
	at org.hibernate.jpa.boot.internal.EntityManagerFactoryBuilderImpl.metadata(EntityManagerFactoryBuilderImpl.java:1348) ~[hibernate-core-6.1.7.Final.jar:6.1.7.Final]
	at org.hibernate.jpa.boot.internal.EntityManagerFactoryBuilderImpl.build(EntityManagerFactoryBuilderImpl.java:1419) ~[hibernate-core-6.1.7.Final.jar:6.1.7.Final]
	at org.springframework.orm.jpa.vendor.SpringHibernateJpaPersistenceProvider.createContainerEntityManagerFactory(SpringHibernateJpaPersistenceProvider.java:66) ~[spring-orm-6.0.7.jar:6.0.7]
	at org.springframework.orm.jpa.LocalContainerEntityManagerFactoryBean.createNativeEntityManagerFactory(LocalContainerEntityManagerFactoryBean.java:376) ~[spring-orm-6.0.7.jar:6.0.7]
	at org.springframework.orm.jpa.AbstractEntityManagerFactoryBean.buildNativeEntityManagerFactory(AbstractEntityManagerFactoryBean.java:409) ~[spring-orm-6.0.7.jar:6.0.7]
	at org.springframework.orm.jpa.AbstractEntityManagerFactoryBean.afterPropertiesSet(AbstractEntityManagerFactoryBean.java:396) ~[spring-orm-6.0.7.jar:6.0.7]
	at org.springframework.orm.jpa.LocalContainerEntityManagerFactoryBean.afterPropertiesSet(LocalContainerEntityManagerFactoryBean.java:352) ~[spring-orm-6.0.7.jar:6.0.7]
	at org.springframework.beans.factory.support.AbstractAutowireCapableBeanFactory.invokeInitMethods(AbstractAutowireCapableBeanFactory.java:1816) ~[spring-beans-6.0.7.jar:6.0.7]
	at org.springframework.beans.factory.support.AbstractAutowireCapableBeanFactory.initializeBean(AbstractAutowireCapableBeanFactory.java:1766) ~[spring-beans-6.0.7.jar:6.0.7]
	... 21 more

2023-04-14T11:59:51.744+07:00  INFO 5724 --- [restartedMain] c.e.c.ChallengeChapter4Application       : Starting ChallengeChapter4Application using Java 17.0.2 with PID 5724 (E:\Intellij Project\Challenge_Chapter_4\target\classes started by EnVyx in E:\Intellij Project\Challenge_Chapter_4)
2023-04-14T11:59:51.751+07:00  INFO 5724 --- [restartedMain] c.e.c.ChallengeChapter4Application       : No active profile set, falling back to 1 default profile: "default"
2023-04-14T11:59:55.918+07:00  INFO 5724 --- [restartedMain] c.e.c.ChallengeChapter4Application       : Started ChallengeChapter4Application in 4.685 seconds (process running for 5.67)
2023-04-14T12:00:00.654+07:00  WARN 5724 --- [http-nio-8080-exec-2] c.e.c.C.FilmController                   : org.springframework.core.convert.ConversionFailedException: Failed to convert from type [java.lang.Object[]] to type [@org.springframework.data.jpa.repository.Query com.example.challenge_chapter_4.Model.FilmEntity] for value '{L01, John Wick: Chapter 4, Sedang Tayang, 2023-04-03, 13:25:00, 15:20:00, 35000}'
2023-04-14T12:00:33.183+07:00  INFO 20740 --- [restartedMain] c.e.c.ChallengeChapter4Application       : Starting ChallengeChapter4Application using Java 17.0.2 with PID 20740 (E:\Intellij Project\Challenge_Chapter_4\target\classes started by EnVyx in E:\Intellij Project\Challenge_Chapter_4)
2023-04-14T12:00:33.190+07:00  INFO 20740 --- [restartedMain] c.e.c.ChallengeChapter4Application       : No active profile set, falling back to 1 default profile: "default"
2023-04-14T12:00:37.378+07:00  INFO 20740 --- [restartedMain] c.e.c.ChallengeChapter4Application       : Started ChallengeChapter4Application in 4.647 seconds (process running for 5.625)
2023-04-14T12:00:40.359+07:00 ERROR 20740 --- [http-nio-8080-exec-2] o.h.e.j.s.SqlExceptionHelper             : ERROR: column j1_0.film_film_code does not exist
  Position: 76
2023-04-14T12:00:40.375+07:00  WARN 20740 --- [http-nio-8080-exec-2] c.e.c.C.FilmController                   : org.springframework.dao.InvalidDataAccessResourceUsageException: JDBC exception executing SQL [select f1_0.film_code,f1_0.film_name,f1_0.tayang_atau_tidak,j1_0.id_jadwal,j1_0.film_film_code,j1_0.film_code,j1_0.harga_tiket,j1_0.jam_mulai,j1_0.jam_selesai,j1_0.tanggal_tayang from public.film f1_0 join public.jadwal j1_0 on f1_0.film_code=j1_0.film_code where lower(f1_0.film_name) like lower(('%'||?||'%')) escape '']; SQL [n/a]
2023-04-14T12:01:43.176+07:00  INFO 3688 --- [restartedMain] c.e.c.ChallengeChapter4Application       : Starting ChallengeChapter4Application using Java 17.0.2 with PID 3688 (E:\Intellij Project\Challenge_Chapter_4\target\classes started by EnVyx in E:\Intellij Project\Challenge_Chapter_4)
2023-04-14T12:01:43.184+07:00  INFO 3688 --- [restartedMain] c.e.c.ChallengeChapter4Application       : No active profile set, falling back to 1 default profile: "default"
2023-04-14T12:01:46.874+07:00  INFO 3688 --- [restartedMain] c.e.c.ChallengeChapter4Application       : Started ChallengeChapter4Application in 4.238 seconds (process running for 5.264)
2023-04-14T12:01:53.085+07:00  INFO 3688 --- [http-nio-8080-exec-2] c.e.c.C.FilmController                   : [FilmEntity{film_code='L01', film_name='John Wick: Chapter 4', tayang_atau_tidak='Sedang Tayang'}, FilmEntity{film_code='L02', film_name='Ant-Man and the Wasp: Quantumania', tayang_atau_tidak='Sedang Tayang'}]
2023-04-14T12:18:40.418+07:00  INFO 7224 --- [restartedMain] c.e.c.ChallengeChapter4Application       : Starting ChallengeChapter4Application using Java 17.0.2 with PID 7224 (E:\Intellij Project\Challenge_Chapter_4\target\classes started by EnVyx in E:\Intellij Project\Challenge_Chapter_4)
2023-04-14T12:18:40.425+07:00  INFO 7224 --- [restartedMain] c.e.c.ChallengeChapter4Application       : No active profile set, falling back to 1 default profile: "default"
2023-04-14T12:18:45.704+07:00  INFO 7224 --- [restartedMain] c.e.c.ChallengeChapter4Application       : Started ChallengeChapter4Application in 5.789 seconds (process running for 6.905)
2023-04-14T12:18:49.962+07:00  INFO 7224 --- [http-nio-8080-exec-2] c.e.c.C.FilmController                   : [FilmEntity{film_code='L01', film_name='John Wick: Chapter 4', tayang_atau_tidak='Sedang Tayang'}, FilmEntity{film_code='L01', film_name='John Wick: Chapter 4', tayang_atau_tidak='Sedang Tayang'}]
2023-04-14T12:19:39.582+07:00  INFO 7224 --- [http-nio-8080-exec-3] c.e.c.C.FilmController                   : [FilmEntity{film_code='L01', film_name='John Wick: Chapter 4', tayang_atau_tidak='Sedang Tayang'}, FilmEntity{film_code='L01', film_name='John Wick: Chapter 4', tayang_atau_tidak='Sedang Tayang'}]
2023-04-14T12:20:33.620+07:00  INFO 7224 --- [http-nio-8080-exec-4] c.e.c.C.FilmController                   : [FilmEntity{film_code='L01', film_name='John Wick: Chapter 4', tayang_atau_tidak='Sedang Tayang'}, FilmEntity{film_code='L01', film_name='John Wick: Chapter 4', tayang_atau_tidak='Sedang Tayang'}]
2023-04-14T12:20:37.360+07:00  INFO 7224 --- [http-nio-8080-exec-5] c.e.c.C.FilmController                   : [FilmEntity{film_code='L01', film_name='John Wick: Chapter 4', tayang_atau_tidak='Sedang Tayang'}, FilmEntity{film_code='L01', film_name='John Wick: Chapter 4', tayang_atau_tidak='Sedang Tayang'}, FilmEntity{film_code='H01', film_name='Beranak Dalam Kubur', tayang_atau_tidak='Sedang Tayang'}]
2023-04-14T12:25:01.245+07:00  INFO 5316 --- [restartedMain] c.e.c.ChallengeChapter4Application       : Starting ChallengeChapter4Application using Java 17.0.2 with PID 5316 (E:\Intellij Project\Challenge_Chapter_4\target\classes started by EnVyx in E:\Intellij Project\Challenge_Chapter_4)
2023-04-14T12:25:01.254+07:00  INFO 5316 --- [restartedMain] c.e.c.ChallengeChapter4Application       : No active profile set, falling back to 1 default profile: "default"
2023-04-14T12:25:06.240+07:00  INFO 5316 --- [restartedMain] c.e.c.ChallengeChapter4Application       : Started ChallengeChapter4Application in 5.503 seconds (process running for 6.491)
2023-04-14T12:25:09.850+07:00  INFO 5316 --- [http-nio-8080-exec-1] c.e.c.C.FilmController                   : [FilmEntity{film_code='L01', film_name='John Wick: Chapter 4', tayang_atau_tidak='Sedang Tayang'}, FilmEntity{film_code='H01', film_name='Beranak Dalam Kubur', tayang_atau_tidak='Sedang Tayang'}, FilmEntity{film_code='L01', film_name='John Wick: Chapter 4', tayang_atau_tidak='Sedang Tayang'}]
2023-04-14T12:25:52.993+07:00  INFO 22512 --- [restartedMain] c.e.c.ChallengeChapter4Application       : Starting ChallengeChapter4Application using Java 17.0.2 with PID 22512 (E:\Intellij Project\Challenge_Chapter_4\target\classes started by EnVyx in E:\Intellij Project\Challenge_Chapter_4)
2023-04-14T12:25:53.002+07:00  INFO 22512 --- [restartedMain] c.e.c.ChallengeChapter4Application       : No active profile set, falling back to 1 default profile: "default"
2023-04-14T12:25:57.110+07:00  INFO 22512 --- [restartedMain] c.e.c.ChallengeChapter4Application       : Started ChallengeChapter4Application in 4.663 seconds (process running for 5.732)
2023-04-14T12:26:01.954+07:00 ERROR 22512 --- [http-nio-8080-exec-1] o.h.e.j.s.SqlExceptionHelper             : ERROR: column "j1_0.id_jadwal" must appear in the GROUP BY clause or be used in an aggregate function
  Position: 70
2023-04-14T12:26:01.967+07:00  WARN 22512 --- [http-nio-8080-exec-1] c.e.c.C.FilmController                   : org.springframework.dao.InvalidDataAccessResourceUsageException: JDBC exception executing SQL [select distinct f1_0.film_code,f1_0.film_name,f1_0.tayang_atau_tidak,j1_0.id_jadwal,j1_0.film_code,j1_0.harga_tiket,j1_0.jam_mulai,j1_0.jam_selesai,j1_0.tanggal_tayang from public.film f1_0 join public.jadwal j1_0 on f1_0.film_code=j1_0.film_code where lower(f1_0.film_name) like lower(('%'||?||'%')) escape '' group by f1_0.film_code,j1_0.tanggal_tayang,j1_0.jam_mulai,j1_0.jam_selesai,j1_0.harga_tiket]; SQL [n/a]
2023-04-14T12:26:26.074+07:00  INFO 21916 --- [restartedMain] c.e.c.ChallengeChapter4Application       : Starting ChallengeChapter4Application using Java 17.0.2 with PID 21916 (E:\Intellij Project\Challenge_Chapter_4\target\classes started by EnVyx in E:\Intellij Project\Challenge_Chapter_4)
2023-04-14T12:26:26.084+07:00  INFO 21916 --- [restartedMain] c.e.c.ChallengeChapter4Application       : No active profile set, falling back to 1 default profile: "default"
2023-04-14T12:26:30.357+07:00  INFO 21916 --- [restartedMain] c.e.c.ChallengeChapter4Application       : Started ChallengeChapter4Application in 4.812 seconds (process running for 5.845)
2023-04-14T12:26:32.818+07:00 ERROR 21916 --- [http-nio-8080-exec-3] o.h.e.j.s.SqlExceptionHelper             : ERROR: column "f1_0.film_code" must appear in the GROUP BY clause or be used in an aggregate function
  Position: 17
2023-04-14T12:26:32.829+07:00  WARN 21916 --- [http-nio-8080-exec-3] c.e.c.C.FilmController                   : org.springframework.dao.InvalidDataAccessResourceUsageException: JDBC exception executing SQL [select distinct f1_0.film_code,f1_0.film_name,f1_0.tayang_atau_tidak,j1_0.id_jadwal,j1_0.film_code,j1_0.harga_tiket,j1_0.jam_mulai,j1_0.jam_selesai,j1_0.tanggal_tayang from public.film f1_0 join public.jadwal j1_0 on f1_0.film_code=j1_0.film_code where lower(f1_0.film_name) like lower(('%'||?||'%')) escape '' group by j1_0.id_jadwal,j1_0.film_code,j1_0.harga_tiket,j1_0.jam_mulai,j1_0.jam_selesai,j1_0.tanggal_tayang]; SQL [n/a]
2023-04-14T12:26:48.836+07:00  INFO 21280 --- [restartedMain] c.e.c.ChallengeChapter4Application       : Starting ChallengeChapter4Application using Java 17.0.2 with PID 21280 (E:\Intellij Project\Challenge_Chapter_4\target\classes started by EnVyx in E:\Intellij Project\Challenge_Chapter_4)
2023-04-14T12:26:48.842+07:00  INFO 21280 --- [restartedMain] c.e.c.ChallengeChapter4Application       : No active profile set, falling back to 1 default profile: "default"
2023-04-14T12:26:52.720+07:00  INFO 21280 --- [restartedMain] c.e.c.ChallengeChapter4Application       : Started ChallengeChapter4Application in 4.407 seconds (process running for 5.452)
2023-04-14T12:26:55.647+07:00  INFO 21280 --- [http-nio-8080-exec-2] c.e.c.C.FilmController                   : [FilmEntity{film_code='L01', film_name='John Wick: Chapter 4', tayang_atau_tidak='Sedang Tayang'}, FilmEntity{film_code='H01', film_name='Beranak Dalam Kubur', tayang_atau_tidak='Sedang Tayang'}, FilmEntity{film_code='L01', film_name='John Wick: Chapter 4', tayang_atau_tidak='Sedang Tayang'}]
2023-04-14T12:30:17.218+07:00  INFO 3700 --- [restartedMain] c.e.c.ChallengeChapter4Application       : Starting ChallengeChapter4Application using Java 17.0.2 with PID 3700 (E:\Intellij Project\Challenge_Chapter_4\target\classes started by EnVyx in E:\Intellij Project\Challenge_Chapter_4)
2023-04-14T12:30:17.227+07:00  INFO 3700 --- [restartedMain] c.e.c.ChallengeChapter4Application       : No active profile set, falling back to 1 default profile: "default"
2023-04-14T12:30:21.269+07:00  INFO 3700 --- [restartedMain] c.e.c.ChallengeChapter4Application       : Started ChallengeChapter4Application in 4.605 seconds (process running for 5.451)
2023-04-14T12:30:24.503+07:00 ERROR 3700 --- [http-nio-8080-exec-2] o.h.e.j.s.SqlExceptionHelper             : ERROR: syntax error at or near "from"
  Position: 36
2023-04-14T12:30:24.515+07:00  WARN 3700 --- [http-nio-8080-exec-2] c.e.c.C.FilmController                   : org.springframework.dao.InvalidDataAccessResourceUsageException: JDBC exception executing SQL [select distinct on(f1_0.film_code) from public.film f1_0 join public.jadwal j1_0 on f1_0.film_code=j1_0.film_code where lower(f1_0.film_name) like lower(('%'||?||'%')) escape '']; SQL [n/a]
2023-04-14T12:32:32.664+07:00  INFO 9368 --- [restartedMain] c.e.c.ChallengeChapter4Application       : Starting ChallengeChapter4Application using Java 17.0.2 with PID 9368 (E:\Intellij Project\Challenge_Chapter_4\target\classes started by EnVyx in E:\Intellij Project\Challenge_Chapter_4)
2023-04-14T12:32:32.673+07:00  INFO 9368 --- [restartedMain] c.e.c.ChallengeChapter4Application       : No active profile set, falling back to 1 default profile: "default"
2023-04-14T12:32:36.881+07:00  INFO 9368 --- [restartedMain] c.e.c.ChallengeChapter4Application       : Started ChallengeChapter4Application in 4.806 seconds (process running for 5.983)
2023-04-14T12:32:42.606+07:00 ERROR 9368 --- [http-nio-8080-exec-1] o.h.e.j.s.SqlExceptionHelper             : ERROR: syntax error at or near "from"
  Position: 51
2023-04-14T12:32:42.622+07:00  WARN 9368 --- [http-nio-8080-exec-1] c.e.c.C.FilmController                   : org.springframework.dao.InvalidDataAccessResourceUsageException: JDBC exception executing SQL [select distinct on(f1_0.film_code,j1_0.id_jadwal) from public.film f1_0 join public.jadwal j1_0 on f1_0.film_code=j1_0.film_code where lower(f1_0.film_name) like lower(('%'||?||'%')) escape '']; SQL [n/a]
2023-04-14T12:33:13.105+07:00  INFO 11484 --- [restartedMain] c.e.c.ChallengeChapter4Application       : Starting ChallengeChapter4Application using Java 17.0.2 with PID 11484 (E:\Intellij Project\Challenge_Chapter_4\target\classes started by EnVyx in E:\Intellij Project\Challenge_Chapter_4)
2023-04-14T12:33:13.113+07:00  INFO 11484 --- [restartedMain] c.e.c.ChallengeChapter4Application       : No active profile set, falling back to 1 default profile: "default"
2023-04-14T12:33:17.149+07:00  INFO 11484 --- [restartedMain] c.e.c.ChallengeChapter4Application       : Started ChallengeChapter4Application in 4.6 seconds (process running for 5.613)
2023-04-14T12:33:20.137+07:00  INFO 11484 --- [http-nio-8080-exec-3] c.e.c.C.FilmController                   : [FilmEntity{film_code='L01', film_name='John Wick: Chapter 4', tayang_atau_tidak='Sedang Tayang'}, FilmEntity{film_code='H01', film_name='Beranak Dalam Kubur', tayang_atau_tidak='Sedang Tayang'}, FilmEntity{film_code='L01', film_name='John Wick: Chapter 4', tayang_atau_tidak='Sedang Tayang'}]
2023-04-14T12:34:37.806+07:00  INFO 4488 --- [restartedMain] c.e.c.ChallengeChapter4Application       : Starting ChallengeChapter4Application using Java 17.0.2 with PID 4488 (E:\Intellij Project\Challenge_Chapter_4\target\classes started by EnVyx in E:\Intellij Project\Challenge_Chapter_4)
2023-04-14T12:34:37.816+07:00  INFO 4488 --- [restartedMain] c.e.c.ChallengeChapter4Application       : No active profile set, falling back to 1 default profile: "default"
2023-04-14T12:34:41.828+07:00  INFO 4488 --- [restartedMain] c.e.c.ChallengeChapter4Application       : Started ChallengeChapter4Application in 4.548 seconds (process running for 5.413)
2023-04-14T12:34:43.945+07:00  INFO 4488 --- [http-nio-8080-exec-2] c.e.c.C.FilmController                   : [FilmEntity{film_code='D01', film_name='Jigsaw', tayang_atau_tidak='Tayang'}, FilmEntity{film_code='L01', film_name='John Wick: Chapter 4', tayang_atau_tidak='Sedang Tayang'}, FilmEntity{film_code='M01', film_name='Api', tayang_atau_tidak='Tayang'}, FilmEntity{film_code='H01', film_name='Beranak Dalam Kubur', tayang_atau_tidak='Sedang Tayang'}, FilmEntity{film_code='L02', film_name='Ant-Man and the Wasp: Quantumania', tayang_atau_tidak='Sedang Tayang'}, FilmEntity{film_code='L01', film_name='John Wick: Chapter 4', tayang_atau_tidak='Sedang Tayang'}, FilmEntity{film_code='H02', film_name='Annabelle Comes Home', tayang_atau_tidak='Tidak Tayang'}]
2023-04-14T12:35:07.156+07:00  INFO 21520 --- [restartedMain] c.e.c.ChallengeChapter4Application       : Starting ChallengeChapter4Application using Java 17.0.2 with PID 21520 (E:\Intellij Project\Challenge_Chapter_4\target\classes started by EnVyx in E:\Intellij Project\Challenge_Chapter_4)
2023-04-14T12:35:07.164+07:00  INFO 21520 --- [restartedMain] c.e.c.ChallengeChapter4Application       : No active profile set, falling back to 1 default profile: "default"
2023-04-14T12:35:11.085+07:00  INFO 21520 --- [restartedMain] c.e.c.ChallengeChapter4Application       : Started ChallengeChapter4Application in 4.388 seconds (process running for 5.376)
2023-04-14T12:35:17.159+07:00  INFO 21520 --- [http-nio-8080-exec-2] c.e.c.C.FilmController                   : [FilmEntity{film_code='L01', film_name='John Wick: Chapter 4', tayang_atau_tidak='Sedang Tayang'}, FilmEntity{film_code='H01', film_name='Beranak Dalam Kubur', tayang_atau_tidak='Sedang Tayang'}, FilmEntity{film_code='L01', film_name='John Wick: Chapter 4', tayang_atau_tidak='Sedang Tayang'}]
2023-04-14T12:36:35.544+07:00  INFO 10692 --- [restartedMain] c.e.c.ChallengeChapter4Application       : Starting ChallengeChapter4Application using Java 17.0.2 with PID 10692 (E:\Intellij Project\Challenge_Chapter_4\target\classes started by EnVyx in E:\Intellij Project\Challenge_Chapter_4)
2023-04-14T12:36:35.553+07:00  INFO 10692 --- [restartedMain] c.e.c.ChallengeChapter4Application       : No active profile set, falling back to 1 default profile: "default"
2023-04-14T12:36:39.479+07:00  INFO 10692 --- [restartedMain] c.e.c.ChallengeChapter4Application       : Started ChallengeChapter4Application in 4.451 seconds (process running for 5.397)
2023-04-14T12:36:42.682+07:00  INFO 10692 --- [http-nio-8080-exec-2] c.e.c.C.FilmController                   : [FilmEntity{film_code='L01', film_name='John Wick: Chapter 4', tayang_atau_tidak='Sedang Tayang'}, FilmEntity{film_code='L01', film_name='John Wick: Chapter 4', tayang_atau_tidak='Sedang Tayang'}, FilmEntity{film_code='H01', film_name='Beranak Dalam Kubur', tayang_atau_tidak='Sedang Tayang'}]
2023-04-14T12:37:20.685+07:00  INFO 10212 --- [restartedMain] c.e.c.ChallengeChapter4Application       : Starting ChallengeChapter4Application using Java 17.0.2 with PID 10212 (E:\Intellij Project\Challenge_Chapter_4\target\classes started by EnVyx in E:\Intellij Project\Challenge_Chapter_4)
2023-04-14T12:37:20.695+07:00  INFO 10212 --- [restartedMain] c.e.c.ChallengeChapter4Application       : No active profile set, falling back to 1 default profile: "default"
2023-04-14T12:37:24.753+07:00  INFO 10212 --- [restartedMain] c.e.c.ChallengeChapter4Application       : Started ChallengeChapter4Application in 4.588 seconds (process running for 5.611)
2023-04-14T12:37:27.899+07:00  INFO 10212 --- [http-nio-8080-exec-1] c.e.c.C.FilmController                   : [FilmEntity{film_code='L01', film_name='John Wick: Chapter 4', tayang_atau_tidak='Sedang Tayang'}, FilmEntity{film_code='H01', film_name='Beranak Dalam Kubur', tayang_atau_tidak='Sedang Tayang'}]
2023-04-14T12:37:59.440+07:00  INFO 13056 --- [restartedMain] c.e.c.ChallengeChapter4Application       : Starting ChallengeChapter4Application using Java 17.0.2 with PID 13056 (E:\Intellij Project\Challenge_Chapter_4\target\classes started by EnVyx in E:\Intellij Project\Challenge_Chapter_4)
2023-04-14T12:37:59.448+07:00  INFO 13056 --- [restartedMain] c.e.c.ChallengeChapter4Application       : No active profile set, falling back to 1 default profile: "default"
2023-04-14T12:38:03.250+07:00  INFO 13056 --- [restartedMain] c.e.c.ChallengeChapter4Application       : Started ChallengeChapter4Application in 4.303 seconds (process running for 5.289)
2023-04-14T12:38:18.965+07:00  INFO 13056 --- [http-nio-8080-exec-2] c.e.c.C.FilmController                   : [FilmEntity{film_code='H01', film_name='Beranak Dalam Kubur', tayang_atau_tidak='Sedang Tayang'}, FilmEntity{film_code='L01', film_name='John Wick: Chapter 4', tayang_atau_tidak='Sedang Tayang'}]
